Target Part: AGLN060V5_VQFP100_STD
Report for cell Top.rtl
  Core Cell usage:
              cell count     area count*area
              AND2    27      1.0       27.0
             AND2A     4      1.0        4.0
              AND3     8      1.0        8.0
               AO1    48      1.0       48.0
              AO1A     8      1.0        8.0
              AO1B     2      1.0        2.0
              AO1C    16      1.0       16.0
              AOI1     2      1.0        2.0
             AOI1A     8      1.0        8.0
             AOI1B     1      1.0        1.0
               AX1    15      1.0       15.0
              AX1A     1      1.0        1.0
              AX1B     1      1.0        1.0
              AX1C    10      1.0       10.0
              AX1D     6      1.0        6.0
             AXOI3     1      1.0        1.0
             AXOI4     1      1.0        1.0
              BUFF     5      1.0        5.0
               GND     4      0.0        0.0
               INV     4      1.0        4.0
              MAJ3     2      1.0        2.0
               MX2   111      1.0      111.0
              MX2A     2      1.0        2.0
              MX2B     3      1.0        3.0
              MX2C     6      1.0        6.0
              NOR2    28      1.0       28.0
             NOR2A    53      1.0       53.0
             NOR2B    47      1.0       47.0
              NOR3    15      1.0       15.0
             NOR3A    24      1.0       24.0
             NOR3B    29      1.0       29.0
             NOR3C    21      1.0       21.0
               OA1     5      1.0        5.0
              OA1A    25      1.0       25.0
              OA1B     2      1.0        2.0
              OA1C     4      1.0        4.0
              OAI1     1      1.0        1.0
               OR2    62      1.0       62.0
              OR2A    57      1.0       57.0
              OR2B    11      1.0       11.0
               OR3    85      1.0       85.0
              OR3A     2      1.0        2.0
              OR3B     1      1.0        1.0
              OR3C     3      1.0        3.0
               VCC     4      0.0        0.0
               XA1    21      1.0       21.0
              XA1A    29      1.0       29.0
              XA1B    11      1.0       11.0
              XA1C    14      1.0       14.0
             XNOR2    64      1.0       64.0
               XO1    25      1.0       25.0
              XO1A     2      1.0        2.0
              XOR2   129      1.0      129.0


              DFN0     1      1.0        1.0
            DFN0P1     1      1.0        1.0
              DFN1    43      1.0       43.0
            DFN1C0     2      1.0        2.0
            DFN1C1     5      1.0        5.0
            DFN1E0    10      1.0       10.0
          DFN1E0C0     2      1.0        2.0
            DFN1E1   261      1.0      261.0
          DFN1E1C0    10      1.0       10.0
         RAM512X18     2      0.0        0.0
                   -----          ----------
             TOTAL  1407              1397.0


  IO Cell usage:
              cell count
            CLKBUF     2
             INBUF     3
            OUTBUF     3
                   -----
             TOTAL     8


Core Cells         : 1397 of 1536 (91%)
IO Cells           : 8

  RAM/ROM Usage Summary
Block Rams : 2 of 4 (50%)

